{
  "RSpec": {
    "coverage": {
      "/Users/katie/Desktop/nn_academy_quest/app/models/task.rb": {
        "lines": [
          null,
          1,
          1,
          1,
          null
        ]
      },
      "/Users/katie/Desktop/nn_academy_quest/app/models/application_record.rb": {
        "lines": [
          1,
          1,
          null
        ]
      },
      "/Users/katie/Desktop/nn_academy_quest/app/controllers/home_controller.rb": {
        "lines": [
          1,
          1,
          4,
          4,
          null,
          null,
          1,
          3,
          null,
          3,
          2,
          2,
          3,
          null,
          null,
          1,
          1,
          null,
          null,
          null,
          1,
          2,
          2,
          null,
          2,
          2,
          3,
          null,
          null,
          null,
          1,
          2,
          2,
          null,
          2,
          2,
          3,
          null,
          null,
          null,
          1,
          null,
          1,
          3,
          null,
          null
        ]
      },
      "/Users/katie/Desktop/nn_academy_quest/app/controllers/application_controller.rb": {
        "lines": [
          1,
          null,
          1,
          null
        ]
      },
      "/Users/katie/Desktop/nn_academy_quest/app/helpers/application_helper.rb": {
        "lines": [
          0,
          0
        ],
        "branches": {}
      },
      "/Users/katie/Desktop/nn_academy_quest/app/helpers/home_helper.rb": {
        "lines": [
          0,
          0
        ],
        "branches": {}
      },
      "/Users/katie/Desktop/nn_academy_quest/app/jobs/application_job.rb": {
        "lines": [
          0,
          null,
          null,
          null,
          null,
          null,
          0
        ],
        "branches": {}
      },
      "/Users/katie/Desktop/nn_academy_quest/app/mailers/application_mailer.rb": {
        "lines": [
          0,
          0,
          0,
          0
        ],
        "branches": {}
      }
    },
    "timestamp": 1755683768
  }
}
